npm error code ERESOLVE
npm error ERESOLVE could not resolve
npm error
npm error While resolving: react-animated-cursor@2.11.2
npm error Found: react@19.2.4
npm error node_modules/react
npm error   peer react@"^17 || ^18 || ^19" from @base-ui/react@1.6.0
npm error   node_modules/@base-ui/react
npm error     @base-ui/react@"^1.6.0" from the root project
npm error   peer react@"^17 || ^18 || ^19" from @base-ui/utils@0.3.1
npm error   node_modules/@base-ui/utils
npm error     @base-ui/utils@"0.3.1" from @base-ui/react@1.6.0
npm error     node_modules/@base-ui/react
npm error       @base-ui/react@"^1.6.0" from the root project
npm error   12 more (@floating-ui/react-dom, @gsap/react, ...)
npm error
npm error Could not resolve dependency:
npm error peer react@"^18.2.0" from react-animated-cursor@2.11.2
npm error node_modules/react-animated-cursor
npm error   react-animated-cursor@"^2.11.2" from the root project
npm error
npm error Conflicting peer dependency: react@18.3.1
npm error node_modules/react
npm error   peer react@"^18.2.0" from react-animated-cursor@2.11.2
npm error   node_modules/react-animated-cursor
npm error     react-animated-cursor@"^2.11.2" from the root project
npm error
npm error Fix the upstream dependency conflict, or retry
npm error this command with --force or --legacy-peer-deps
npm error to accept an incorrect (and potentially broken) dependency resolution.
npm error
npm error
npm error For a full report see:
npm error C:\Users\vipin\AppData\Local\npm-cache\_logs\2026-07-09T18_23_02_908Z-eresolve-report.txt
npm error A complete log of this run can be found in: C:\Users\vipin\AppData\Local\npm-cache\_logs\2026-07-09T18_23_02_908Z-debug-0.log
